[debug] [2024-09-11T14:06:52.288Z] ----------------------------------------------------------------------
[debug] [2024-09-11T14:06:52.291Z] Command:       C:\Program Files\nodejs\node.exe C:\Users\lenovo\AppData\Roaming\npm\node_modules\firebase-tools\lib\bin\firebase.js init
[debug] [2024-09-11T14:06:52.291Z] CLI Version:   13.15.2
[debug] [2024-09-11T14:06:52.292Z] Platform:      win32
[debug] [2024-09-11T14:06:52.292Z] Node Version:  v18.18.1
[debug] [2024-09-11T14:06:52.294Z] Time:          Wed Sep 11 2024 19:36:52 GMT+0530 (India Standard Time)
[debug] [2024-09-11T14:06:52.294Z] ----------------------------------------------------------------------
[debug] 
[debug] [2024-09-11T14:06:52.388Z] > command requires scopes: ["email","openid","https://www.googleapis.com/auth/cloudplatformprojects.readonly","https://www.googleapis.com/auth/firebase","https://www.googleapis.com/auth/cloud-platform"]
[debug] [2024-09-11T14:06:52.390Z] > authorizing via signed-in user (bachhavroshan600@gmail.com)
[info] 
     ######## #### ########  ######## ########     ###     ######  ########
     ##        ##  ##     ## ##       ##     ##  ##   ##  ##       ##
     ######    ##  ########  ######   ########  #########  ######  ######
     ##        ##  ##    ##  ##       ##     ## ##     ##       ## ##
     ##       #### ##     ## ######## ########  ##     ##  ######  ########

You're about to initialize a Firebase project in this directory:

  D:\Streamify\streamify

Before we get started, keep in mind:

  * You are initializing within an existing Firebase project directory

[info] 
=== Project Setup
[info] 
[info] First, let's associate this project directory with a Firebase project.
[info] You can create multiple project aliases by running firebase use --add, 
[info] but for now we'll just set up a default project.
[info] 
[debug] [2024-09-11T14:07:40.190Z] Using project from CLI flag: streamify-11686
[debug] [2024-09-11T14:07:40.191Z] > refreshing access token with scopes: []
[debug] [2024-09-11T14:07:40.194Z] >>> [apiv2][query] POST https://www.googleapis.com/oauth2/v3/token [none]
[debug] [2024-09-11T14:07:40.195Z] >>> [apiv2][body] POST https://www.googleapis.com/oauth2/v3/token [omitted]
[debug] [2024-09-11T14:07:40.858Z] <<< [apiv2][status] POST https://www.googleapis.com/oauth2/v3/token 200
[debug] [2024-09-11T14:07:40.859Z] <<< [apiv2][body] POST https://www.googleapis.com/oauth2/v3/token [omitted]
[debug] [2024-09-11T14:07:40.881Z] >>> [apiv2][query] GET https://firebase.googleapis.com/v1beta1/projects/streamify-11686 [none]
[debug] [2024-09-11T14:07:41.827Z] <<< [apiv2][status] GET https://firebase.googleapis.com/v1beta1/projects/streamify-11686 200
[debug] [2024-09-11T14:07:41.828Z] <<< [apiv2][body] GET https://firebase.googleapis.com/v1beta1/projects/streamify-11686 {"projectId":"streamify-11686","projectNumber":"839598384758","displayName":"Streamify","name":"projects/streamify-11686","resources":{"hostingSite":"streamify-11686","realtimeDatabaseInstance":"streamify-11686-default-rtdb"},"state":"ACTIVE","etag":"1_aeb2a9df-2a1e-4603-a78f-ae188d111cbc"}
[info] i  Using project streamify-11686 (Streamify) 
[info] 
=== Hosting Setup
[debug] [2024-09-11T14:07:41.870Z] >>> [apiv2][query] GET https://firebase.googleapis.com/v1beta1/projects/streamify-11686 [none]
[debug] [2024-09-11T14:07:42.645Z] <<< [apiv2][status] GET https://firebase.googleapis.com/v1beta1/projects/streamify-11686 200
[debug] [2024-09-11T14:07:42.646Z] <<< [apiv2][body] GET https://firebase.googleapis.com/v1beta1/projects/streamify-11686 {"projectId":"streamify-11686","projectNumber":"839598384758","displayName":"Streamify","name":"projects/streamify-11686","resources":{"hostingSite":"streamify-11686","realtimeDatabaseInstance":"streamify-11686-default-rtdb"},"state":"ACTIVE","etag":"1_aeb2a9df-2a1e-4603-a78f-ae188d111cbc"}
[info] 
[info] Your public directory is the folder (relative to your project directory) that
[info] will contain Hosting assets to be uploaded with firebase deploy. If you
[info] have a build process for your assets, use your build's output directory.
[info] 
[info] +  Wrote public/404.html 
[debug] [2024-09-11T14:08:10.307Z] >>> [apiv2][query] GET https://www.gstatic.com/firebasejs/releases.json [none]
[debug] [2024-09-11T14:08:10.658Z] <<< [apiv2][status] GET https://www.gstatic.com/firebasejs/releases.json 200
[debug] [2024-09-11T14:08:10.659Z] <<< [apiv2][body] GET https://www.gstatic.com/firebasejs/releases.json {"current":{"version":"10.13.1","browserURL":"https://www.gstatic.com/firebasejs/10.13.1/firebase.js","packageURL":"https://www.gstatic.com/firebasejs/10.13.1/firebase.tgz"},"live":{"version":"10.13","browserURL":"https://www.gstatic.com/firebasejs/live/10.13/firebase.js","packageURL":"https://www.gstatic.com/firebasejs/live/10.13/firebase.tgz"},"components":{"analytics":"https://www.gstatic.com/firebasejs/10.13.1/firebase-analytics.js","app":"https://www.gstatic.com/firebasejs/10.13.1/firebase-app.js","app-check":"https://www.gstatic.com/firebasejs/10.13.1/firebase-app-check.js","auth":"https://www.gstatic.com/firebasejs/10.13.1/firebase-auth.js","auth/cordova":"https://www.gstatic.com/firebasejs/10.13.1/firebase-auth/cordova.js","auth/web-extension":"https://www.gstatic.com/firebasejs/10.13.1/firebase-auth/web-extension.js","functions":"https://www.gstatic.com/firebasejs/10.13.1/firebase-functions.js","firestore":"https://www.gstatic.com/firebasejs/10.13.1/firebase-firestore.js","firestore/lite":"https://www.gstatic.com/firebasejs/10.13.1/firebase-firestore/lite.js","installations":"https://www.gstatic.com/firebasejs/10.13.1/firebase-installations.js","storage":"https://www.gstatic.com/firebasejs/10.13.1/firebase-storage.js","performance":"https://www.gstatic.com/firebasejs/10.13.1/firebase-performance.js","remote-config":"https://www.gstatic.com/firebasejs/10.13.1/firebase-remote-config.js","messaging":"https://www.gstatic.com/firebasejs/10.13.1/firebase-messaging.js","messaging/sw":"https://www.gstatic.com/firebasejs/10.13.1/firebase-messaging/sw.js","database":"https://www.gstatic.com/firebasejs/10.13.1/firebase-database.js","vertexai-preview":"https://www.gstatic.com/firebasejs/10.13.1/firebase-vertexai-preview.js","firestore.memory":"https://www.gstatic.com/firebasejs/10.13.1/firebase-firestore.memory.js"}}
[info] +  Wrote public/index.html 
[info] 
[info] i  Detected a .git folder at D:\Streamify\streamify 
[info] i  Authorizing with GitHub to upload your service account to a GitHub repository's secrets store. 
[info] 
[info] Visit this URL on this device to log in:
[info] https://github.com/login/oauth/authorize?client_id=89cf50f02ac6aaed3484&state=527384087&redirect_uri=http%3A%2F%2Flocalhost%3A9005&scope=read%3Auser%20repo%20public_repo
[info] 
[info] Waiting for authentication...
[debug] [2024-09-11T14:09:28.059Z] ----------------------------------------------------------------------
[debug] [2024-09-11T14:09:28.062Z] Command:       C:\Program Files\nodejs\node.exe C:\Users\lenovo\AppData\Roaming\npm\node_modules\firebase-tools\lib\bin\firebase.js init
[debug] [2024-09-11T14:09:28.062Z] CLI Version:   13.15.2
[debug] [2024-09-11T14:09:28.063Z] Platform:      win32
[debug] [2024-09-11T14:09:28.063Z] Node Version:  v18.18.1
[debug] [2024-09-11T14:09:28.064Z] Time:          Wed Sep 11 2024 19:39:28 GMT+0530 (India Standard Time)
[debug] [2024-09-11T14:09:28.064Z] ----------------------------------------------------------------------
[debug] 
[debug] [2024-09-11T14:09:28.152Z] > command requires scopes: ["email","openid","https://www.googleapis.com/auth/cloudplatformprojects.readonly","https://www.googleapis.com/auth/firebase","https://www.googleapis.com/auth/cloud-platform"]
[debug] [2024-09-11T14:09:28.153Z] > authorizing via signed-in user (bachhavroshan600@gmail.com)
[info] 
     ######## #### ########  ######## ########     ###     ######  ########
     ##        ##  ##     ## ##       ##     ##  ##   ##  ##       ##
     ######    ##  ########  ######   ########  #########  ######  ######
     ##        ##  ##    ##  ##       ##     ## ##     ##       ## ##
     ##       #### ##     ## ######## ########  ##     ##  ######  ########

You're about to initialize a Firebase project in this directory:

  D:\Streamify\streamify

Before we get started, keep in mind:

  * You are initializing within an existing Firebase project directory

[info] 
=== Project Setup
[info] 
[info] First, let's associate this project directory with a Firebase project.
[info] You can create multiple project aliases by running firebase use --add, 
[info] but for now we'll just set up a default project.
[info] 
[debug] [2024-09-11T14:09:41.111Z] Using project from CLI flag: streamify-11686
[debug] [2024-09-11T14:09:41.118Z] >>> [apiv2][query] GET https://firebase.googleapis.com/v1beta1/projects/streamify-11686 [none]
[debug] [2024-09-11T14:09:42.053Z] <<< [apiv2][status] GET https://firebase.googleapis.com/v1beta1/projects/streamify-11686 200
[debug] [2024-09-11T14:09:42.053Z] <<< [apiv2][body] GET https://firebase.googleapis.com/v1beta1/projects/streamify-11686 {"projectId":"streamify-11686","projectNumber":"839598384758","displayName":"Streamify","name":"projects/streamify-11686","resources":{"hostingSite":"streamify-11686","realtimeDatabaseInstance":"streamify-11686-default-rtdb"},"state":"ACTIVE","etag":"1_aeb2a9df-2a1e-4603-a78f-ae188d111cbc"}
[info] i  Using project streamify-11686 (Streamify) 
[info] 
=== Hosting Setup
[debug] [2024-09-11T14:09:42.106Z] >>> [apiv2][query] GET https://firebase.googleapis.com/v1beta1/projects/streamify-11686 [none]
[debug] [2024-09-11T14:09:43.065Z] <<< [apiv2][status] GET https://firebase.googleapis.com/v1beta1/projects/streamify-11686 200
[debug] [2024-09-11T14:09:43.066Z] <<< [apiv2][body] GET https://firebase.googleapis.com/v1beta1/projects/streamify-11686 {"projectId":"streamify-11686","projectNumber":"839598384758","displayName":"Streamify","name":"projects/streamify-11686","resources":{"hostingSite":"streamify-11686","realtimeDatabaseInstance":"streamify-11686-default-rtdb"},"state":"ACTIVE","etag":"1_aeb2a9df-2a1e-4603-a78f-ae188d111cbc"}
[info] 
[info] Your public directory is the folder (relative to your project directory) that
[info] will contain Hosting assets to be uploaded with firebase deploy. If you
[info] have a build process for your assets, use your build's output directory.
[info] 
[info] +  Wrote public/404.html 
[debug] [2024-09-11T14:10:02.003Z] >>> [apiv2][query] GET https://www.gstatic.com/firebasejs/releases.json [none]
[debug] [2024-09-11T14:10:02.376Z] <<< [apiv2][status] GET https://www.gstatic.com/firebasejs/releases.json 200
[debug] [2024-09-11T14:10:02.376Z] <<< [apiv2][body] GET https://www.gstatic.com/firebasejs/releases.json {"current":{"version":"10.13.1","browserURL":"https://www.gstatic.com/firebasejs/10.13.1/firebase.js","packageURL":"https://www.gstatic.com/firebasejs/10.13.1/firebase.tgz"},"live":{"version":"10.13","browserURL":"https://www.gstatic.com/firebasejs/live/10.13/firebase.js","packageURL":"https://www.gstatic.com/firebasejs/live/10.13/firebase.tgz"},"components":{"analytics":"https://www.gstatic.com/firebasejs/10.13.1/firebase-analytics.js","app":"https://www.gstatic.com/firebasejs/10.13.1/firebase-app.js","app-check":"https://www.gstatic.com/firebasejs/10.13.1/firebase-app-check.js","auth":"https://www.gstatic.com/firebasejs/10.13.1/firebase-auth.js","auth/cordova":"https://www.gstatic.com/firebasejs/10.13.1/firebase-auth/cordova.js","auth/web-extension":"https://www.gstatic.com/firebasejs/10.13.1/firebase-auth/web-extension.js","functions":"https://www.gstatic.com/firebasejs/10.13.1/firebase-functions.js","firestore":"https://www.gstatic.com/firebasejs/10.13.1/firebase-firestore.js","firestore/lite":"https://www.gstatic.com/firebasejs/10.13.1/firebase-firestore/lite.js","installations":"https://www.gstatic.com/firebasejs/10.13.1/firebase-installations.js","storage":"https://www.gstatic.com/firebasejs/10.13.1/firebase-storage.js","performance":"https://www.gstatic.com/firebasejs/10.13.1/firebase-performance.js","remote-config":"https://www.gstatic.com/firebasejs/10.13.1/firebase-remote-config.js","messaging":"https://www.gstatic.com/firebasejs/10.13.1/firebase-messaging.js","messaging/sw":"https://www.gstatic.com/firebasejs/10.13.1/firebase-messaging/sw.js","database":"https://www.gstatic.com/firebasejs/10.13.1/firebase-database.js","vertexai-preview":"https://www.gstatic.com/firebasejs/10.13.1/firebase-vertexai-preview.js","firestore.memory":"https://www.gstatic.com/firebasejs/10.13.1/firebase-firestore.memory.js"}}
[info] +  Wrote public/index.html 
[info] 
[info] i  Detected a .git folder at D:\Streamify\streamify 
[info] i  Authorizing with GitHub to upload your service account to a GitHub repository's secrets store. 
[info] 
[info] Visit this URL on this device to log in:
[info] https://github.com/login/oauth/authorize?client_id=89cf50f02ac6aaed3484&state=800710339&redirect_uri=http%3A%2F%2Flocalhost%3A9005&scope=read%3Auser%20repo%20public_repo
[info] 
[info] Waiting for authentication...
[debug] [2024-09-11T14:10:20.434Z] >>> [apiv2][query] POST https://github.com/login/oauth/access_token [none]
[debug] [2024-09-11T14:10:20.434Z] >>> [apiv2][body] POST https://github.com/login/oauth/access_token [stream]
[debug] [2024-09-11T14:10:21.364Z] <<< [apiv2][status] POST https://github.com/login/oauth/access_token 200
[debug] [2024-09-11T14:10:21.364Z] <<< [apiv2][body] POST https://github.com/login/oauth/access_token {"access_token":process.env.REACT_APP_GITHUB_ACCESS_TOKEN,"token_type":"bearer","scope":"read:user,repo"}
[debug] [2024-09-11T14:10:21.428Z] >>> [apiv2][query] GET https://api.github.com/user [none]
[debug] [2024-09-11T14:10:22.077Z] <<< [apiv2][status] GET https://api.github.com/user 200
[debug] [2024-09-11T14:10:22.077Z] <<< [apiv2][body] GET https://api.github.com/user {"login":"roshanbachhav","id":108453526,"node_id":"U_kgDOBnbelg","avatar_url":"https://avatars.githubusercontent.com/u/108453526?v=4","gravatar_id":"","url":"https://api.github.com/users/roshanbachhav","html_url":"https://github.com/roshanbachhav","followers_url":"https://api.github.com/users/roshanbachhav/followers","following_url":"https://api.github.com/users/roshanbachhav/following{/other_user}","gists_url":"https://api.github.com/users/roshanbachhav/gists{/gist_id}","starred_url":"https://api.github.com/users/roshanbachhav/starred{/owner}{/repo}","subscriptions_url":"https://api.github.com/users/roshanbachhav/subscriptions","organizations_url":"https://api.github.com/users/roshanbachhav/orgs","repos_url":"https://api.github.com/users/roshanbachhav/repos","events_url":"https://api.github.com/users/roshanbachhav/events{/privacy}","received_events_url":"https://api.github.com/users/roshanbachhav/received_events","type":"User","site_admin":false,"name":"roshan hari bachhav","company":null,"blog":"","location":null,"email":null,"hireable":null,"bio":"Software Developer, Web Developer\r\nJava , spring , spring boot, html , css , js Developer\r\n","twitter_username":null,"notification_email":null,"public_repos":14,"public_gists":0,"followers":1,"following":2,"created_at":"2022-06-30T07:05:27Z","updated_at":"2024-07-29T13:57:17Z","private_gists":0,"total_private_repos":2,"owned_private_repos":2,"disk_usage":276214,"collaborators":0,"two_factor_authentication":false,"plan":{"name":"free","space":976562499,"collaborators":0,"private_repos":10000}}
[info] 
[info] +  Success! Logged into GitHub as roshanbachhav 
[info] 
[debug] [2024-09-11T14:10:30.572Z] >>> [apiv2][query] GET https://api.github.com/repos//actions/secrets/public-key type=owner
[debug] [2024-09-11T14:10:31.399Z] <<< [apiv2][status] GET https://api.github.com/repos//actions/secrets/public-key 404
[debug] [2024-09-11T14:10:31.399Z] <<< [apiv2][body] GET https://api.github.com/repos//actions/secrets/public-key {"message":"Not Found","documentation_url":"https://docs.github.com/rest","status":"404"}
[info] 
[info] 
[error] !  The provided authorization cannot be used with this repository. If this repository is in an organization, did you remember to grant access? 
[info] 
[info] i  Action required: Visit this URL to ensure access has been granted to the appropriate organization(s) for the Firebase CLI GitHub OAuth App: 
[info] https://github.com/settings/connections/applications/89cf50f02ac6aaed3484
[info] 
[debug] [2024-09-11T14:10:45.154Z] >>> [apiv2][query] GET https://api.github.com/repos//actions/secrets/public-key type=owner
[debug] [2024-09-11T14:10:45.733Z] <<< [apiv2][status] GET https://api.github.com/repos//actions/secrets/public-key 404
[debug] [2024-09-11T14:10:45.734Z] <<< [apiv2][body] GET https://api.github.com/repos//actions/secrets/public-key {"message":"Not Found","documentation_url":"https://docs.github.com/rest","status":"404"}
[info] 
[info] 
[error] !  The provided authorization cannot be used with this repository. If this repository is in an organization, did you remember to grant access? 
[info] 
[info] i  Action required: Visit this URL to ensure access has been granted to the appropriate organization(s) for the Firebase CLI GitHub OAuth App: 
[info] https://github.com/settings/connections/applications/89cf50f02ac6aaed3484
[info] 
[debug] [2024-09-11T14:10:52.792Z] >>> [apiv2][query] GET https://api.github.com/repos/user/actions/secrets/public-key type=owner
[debug] [2024-09-11T14:10:53.412Z] <<< [apiv2][status] GET https://api.github.com/repos/user/actions/secrets/public-key 404
[debug] [2024-09-11T14:10:53.412Z] <<< [apiv2][body] GET https://api.github.com/repos/user/actions/secrets/public-key {"message":"Not Found","documentation_url":"https://docs.github.com/rest","status":"404"}
[info] 
[info] 
[error] !  The provided authorization cannot be used with this repository. If this repository is in an organization, did you remember to grant access? 
[info] 
[info] i  Action required: Visit this URL to ensure access has been granted to the appropriate organization(s) for the Firebase CLI GitHub OAuth App: 
[info] https://github.com/settings/connections/applications/89cf50f02ac6aaed3484
[info] 
[debug] [2024-09-11T14:11:38.809Z] >>> [apiv2][query] GET https://api.github.com/repos/https://github.com/roshanbachhav/Streamify.git/actions/secrets/public-key type=owner
[debug] [2024-09-11T14:11:39.391Z] <<< [apiv2][status] GET https://api.github.com/repos/https://github.com/roshanbachhav/Streamify.git/actions/secrets/public-key 404
[debug] [2024-09-11T14:11:39.391Z] <<< [apiv2][body] GET https://api.github.com/repos/https://github.com/roshanbachhav/Streamify.git/actions/secrets/public-key {"message":"Not Found","documentation_url":"https://docs.github.com/rest","status":"404"}
[info] 
[info] 
[error] !  The provided authorization cannot be used with this repository. If this repository is in an organization, did you remember to grant access? 
[info] 
[info] i  Action required: Visit this URL to ensure access has been granted to the appropriate organization(s) for the Firebase CLI GitHub OAuth App: 
[info] https://github.com/settings/connections/applications/89cf50f02ac6aaed3484
[info] 
[debug] [2024-09-11T14:12:31.505Z] >>> [apiv2][query] GET https://api.github.com/repos/Streamify/actions/secrets/public-key type=owner
[debug] [2024-09-11T14:12:32.223Z] <<< [apiv2][status] GET https://api.github.com/repos/Streamify/actions/secrets/public-key 404
[debug] [2024-09-11T14:12:32.223Z] <<< [apiv2][body] GET https://api.github.com/repos/Streamify/actions/secrets/public-key {"message":"Not Found","documentation_url":"https://docs.github.com/rest","status":"404"}
[info] 
[info] 
[error] !  The provided authorization cannot be used with this repository. If this repository is in an organization, did you remember to grant access? 
[info] 
[info] i  Action required: Visit this URL to ensure access has been granted to the appropriate organization(s) for the Firebase CLI GitHub OAuth App: 
[info] https://github.com/settings/connections/applications/89cf50f02ac6aaed3484
[info] 
[debug] [2024-09-11T14:12:45.442Z] >>> [apiv2][query] GET https://api.github.com/repos/repository/actions/secrets/public-key type=owner
[debug] [2024-09-11T14:12:46.052Z] <<< [apiv2][status] GET https://api.github.com/repos/repository/actions/secrets/public-key 404
[debug] [2024-09-11T14:12:46.052Z] <<< [apiv2][body] GET https://api.github.com/repos/repository/actions/secrets/public-key {"message":"Not Found","documentation_url":"https://docs.github.com/rest","status":"404"}
[info] 
[info] 
[error] !  The provided authorization cannot be used with this repository. If this repository is in an organization, did you remember to grant access? 
[info] 
[info] i  Action required: Visit this URL to ensure access has been granted to the appropriate organization(s) for the Firebase CLI GitHub OAuth App: 
[info] https://github.com/settings/connections/applications/89cf50f02ac6aaed3484
[info] 
[debug] [2024-09-11T14:12:55.930Z] >>> [apiv2][query] GET https://api.github.com/repos/repository/actions/secrets/public-key type=owner
[debug] [2024-09-11T14:12:56.493Z] <<< [apiv2][status] GET https://api.github.com/repos/repository/actions/secrets/public-key 404
[debug] [2024-09-11T14:12:56.493Z] <<< [apiv2][body] GET https://api.github.com/repos/repository/actions/secrets/public-key {"message":"Not Found","documentation_url":"https://docs.github.com/rest","status":"404"}
[info] 
[info] 
[error] !  The provided authorization cannot be used with this repository. If this repository is in an organization, did you remember to grant access? 
[info] 
[info] i  Action required: Visit this URL to ensure access has been granted to the appropriate organization(s) for the Firebase CLI GitHub OAuth App: 
[info] https://github.com/settings/connections/applications/89cf50f02ac6aaed3484
[info] 
[debug] [2024-09-11T14:13:02.401Z] >>> [apiv2][query] GET https://api.github.com/repos/y/actions/secrets/public-key type=owner
[debug] [2024-09-11T14:13:02.917Z] <<< [apiv2][status] GET https://api.github.com/repos/y/actions/secrets/public-key 404
[debug] [2024-09-11T14:13:02.918Z] <<< [apiv2][body] GET https://api.github.com/repos/y/actions/secrets/public-key {"message":"Not Found","documentation_url":"https://docs.github.com/rest","status":"404"}
[info] 
[info] 
[error] !  The provided authorization cannot be used with this repository. If this repository is in an organization, did you remember to grant access? 
[info] 
[info] i  Action required: Visit this URL to ensure access has been granted to the appropriate organization(s) for the Firebase CLI GitHub OAuth App: 
[info] https://github.com/settings/connections/applications/89cf50f02ac6aaed3484
[info] 
[debug] [2024-09-11T14:13:05.106Z] >>> [apiv2][query] GET https://api.github.com/repos/n/actions/secrets/public-key type=owner
[debug] [2024-09-11T14:13:05.606Z] <<< [apiv2][status] GET https://api.github.com/repos/n/actions/secrets/public-key 404
[debug] [2024-09-11T14:13:05.607Z] <<< [apiv2][body] GET https://api.github.com/repos/n/actions/secrets/public-key {"message":"Not Found","documentation_url":"https://docs.github.com/rest","status":"404"}
[info] 
[info] 
[error] !  The provided authorization cannot be used with this repository. If this repository is in an organization, did you remember to grant access? 
[info] 
[info] i  Action required: Visit this URL to ensure access has been granted to the appropriate organization(s) for the Firebase CLI GitHub OAuth App: 
[info] https://github.com/settings/connections/applications/89cf50f02ac6aaed3484
[info] 
